<?xml version="1.0" encoding="UTF-8"?>
<!-- Generated by org.testng.reporters.JUnitReportReporter -->
<testsuite skipped="0" hostname="DESKTOP-4FBF6C9" name="tests.TestActitimeLogin" tests="1" failures="0" timestamp="22 Aug 2020 10:19:55 GMT" time="58.637" errors="0">
  <testcase name="login" time="58.637" classname="tests.TestActitimeLogin"/>
</testsuite> <!-- tests.TestActitimeLogin -->
